2023-02-27 11:40:31,358 DEBUG org.springframework.web.servlet.mvc.method.annotation.RequestMappingHandlerMapping [http-nio-8080-exec-2] Mapped to astue.controller.SubstationController#getAll()
2023-02-27 11:40:31,359 INFO astue.aop.MyAspect [http-nio-8080-exec-2] **** Trying to get all entities ***
2023-02-27 11:40:31,360 DEBUG org.hibernate.SQL [http-nio-8080-exec-2] select s1_0.id,s1_0.description,s1_0.name from substation s1_0
2023-02-27 11:40:31,361 DEBUG org.hibernate.SQL [http-nio-8080-exec-2] select s1_0.substation_id,s1_0.id,s1_0.description,s1_0.name from switchgear s1_0 where s1_0.substation_id=?
2023-02-27 11:40:31,361 DEBUG org.hibernate.SQL [http-nio-8080-exec-2] select s1_0.substation_id,s1_0.id,s1_0.description,s1_0.name from switchgear s1_0 where s1_0.substation_id=?
2023-02-27 11:40:31,362 DEBUG org.hibernate.SQL [http-nio-8080-exec-2] select s1_0.substation_id,s1_0.id,s1_0.description,s1_0.name from switchgear s1_0 where s1_0.substation_id=?
2023-02-27 11:40:31,362 DEBUG org.hibernate.SQL [http-nio-8080-exec-2] select s1_0.substation_id,s1_0.id,s1_0.description,s1_0.name from switchgear s1_0 where s1_0.substation_id=?
2023-02-27 11:40:31,362 DEBUG org.hibernate.SQL [http-nio-8080-exec-2] select s1_0.substation_id,s1_0.id,s1_0.description,s1_0.name from switchgear s1_0 where s1_0.substation_id=?
2023-02-27 11:40:31,363 DEBUG org.hibernate.SQL [http-nio-8080-exec-2] select s1_0.substation_id,s1_0.id,s1_0.description,s1_0.name from switchgear s1_0 where s1_0.substation_id=?
2023-02-27 11:40:31,363 DEBUG org.hibernate.SQL [http-nio-8080-exec-2] select s1_0.substation_id,s1_0.id,s1_0.description,s1_0.name from switchgear s1_0 where s1_0.substation_id=?
2023-02-27 11:40:31,363 DEBUG org.hibernate.SQL [http-nio-8080-exec-2] select s1_0.substation_id,s1_0.id,s1_0.description,s1_0.name from switchgear s1_0 where s1_0.substation_id=?
2023-02-27 11:40:31,364 INFO astue.aop.MyAspect [http-nio-8080-exec-2] All entities were received
2023-02-27 11:40:31,364 DEBUG org.springframework.web.servlet.mvc.method.annotation.RequestResponseBodyMethodProcessor [http-nio-8080-exec-2] Using 'application/json', given [*/*] and supported [application/json, application/*+json]
2023-02-27 11:40:31,364 DEBUG org.springframework.web.servlet.mvc.method.annotation.RequestResponseBodyMethodProcessor [http-nio-8080-exec-2] Writing [[Substation [id=1, name=SS-01, pmcc=[PMCC [tag=01-SWGR-1001], PMCC [tag=01-SWGR-1002]]], Substation  (truncated)...]
2023-02-27 11:40:31,364 DEBUG org.hibernate.SQL [http-nio-8080-exec-2] select d1_0.switchgear_id,d1_0.id,d1_0.consumer,d1_0.created,d1_0.description,d1_0.division_id,d1_0.drawer_column,d1_0.drawer_row,d1_0.host_address,d1_0.ied,d1_0.incomer,d1_0.line,d1_0.name,d1_0.power,d1_0.voltage from device d1_0 where d1_0.switchgear_id=?
2023-02-27 11:40:31,365 DEBUG org.hibernate.SQL [http-nio-8080-exec-2] select d1_0.switchgear_id,d1_0.id,d1_0.consumer,d1_0.created,d1_0.description,d1_0.division_id,d1_0.drawer_column,d1_0.drawer_row,d1_0.host_address,d1_0.ied,d1_0.incomer,d1_0.line,d1_0.name,d1_0.power,d1_0.voltage from device d1_0 where d1_0.switchgear_id=?
2023-02-27 11:40:31,365 DEBUG org.hibernate.SQL [http-nio-8080-exec-2] select d1_0.id,d1_0.description,d1_0.name,d1_0.plant_id from division d1_0 where d1_0.id=?
2023-02-27 11:40:31,366 DEBUG org.hibernate.SQL [http-nio-8080-exec-2] select d1_0.switchgear_id,d1_0.id,d1_0.consumer,d1_0.created,d1_0.description,d1_0.division_id,d1_0.drawer_column,d1_0.drawer_row,d1_0.host_address,d1_0.ied,d1_0.incomer,d1_0.line,d1_0.name,d1_0.power,d1_0.voltage from device d1_0 where d1_0.switchgear_id=?
2023-02-27 11:40:31,367 DEBUG org.hibernate.SQL [http-nio-8080-exec-2] select d1_0.id,d1_0.description,d1_0.name,d1_0.plant_id from division d1_0 where d1_0.id=?
2023-02-27 11:40:31,368 DEBUG org.hibernate.SQL [http-nio-8080-exec-2] select d1_0.id,d1_0.description,d1_0.name,d1_0.plant_id from division d1_0 where d1_0.id=?
2023-02-27 11:40:31,369 DEBUG org.hibernate.SQL [http-nio-8080-exec-2] select d1_0.id,d1_0.description,d1_0.name,d1_0.plant_id from division d1_0 where d1_0.id=?
2023-02-27 11:40:31,370 DEBUG org.hibernate.SQL [http-nio-8080-exec-2] select d1_0.id,d1_0.description,d1_0.name,d1_0.plant_id from division d1_0 where d1_0.id=?
2023-02-27 11:40:31,370 DEBUG org.hibernate.SQL [http-nio-8080-exec-2] select d1_0.switchgear_id,d1_0.id,d1_0.consumer,d1_0.created,d1_0.description,d1_0.division_id,d1_0.drawer_column,d1_0.drawer_row,d1_0.host_address,d1_0.ied,d1_0.incomer,d1_0.line,d1_0.name,d1_0.power,d1_0.voltage from device d1_0 where d1_0.switchgear_id=?
2023-02-27 11:40:31,371 DEBUG org.hibernate.SQL [http-nio-8080-exec-2] select d1_0.id,d1_0.description,d1_0.name,d1_0.plant_id from division d1_0 where d1_0.id=?
2023-02-27 11:40:31,372 DEBUG org.hibernate.SQL [http-nio-8080-exec-2] select d1_0.switchgear_id,d1_0.id,d1_0.consumer,d1_0.created,d1_0.description,d1_0.division_id,d1_0.drawer_column,d1_0.drawer_row,d1_0.host_address,d1_0.ied,d1_0.incomer,d1_0.line,d1_0.name,d1_0.power,d1_0.voltage from device d1_0 where d1_0.switchgear_id=?
2023-02-27 11:40:31,373 DEBUG org.hibernate.SQL [http-nio-8080-exec-2] select d1_0.id,d1_0.description,d1_0.name,d1_0.plant_id from division d1_0 where d1_0.id=?
2023-02-27 11:40:31,374 DEBUG org.hibernate.SQL [http-nio-8080-exec-2] select d1_0.switchgear_id,d1_0.id,d1_0.consumer,d1_0.created,d1_0.description,d1_0.division_id,d1_0.drawer_column,d1_0.drawer_row,d1_0.host_address,d1_0.ied,d1_0.incomer,d1_0.line,d1_0.name,d1_0.power,d1_0.voltage from device d1_0 where d1_0.switchgear_id=?
2023-02-27 11:40:31,376 DEBUG org.hibernate.SQL [http-nio-8080-exec-2] select d1_0.switchgear_id,d1_0.id,d1_0.consumer,d1_0.created,d1_0.description,d1_0.division_id,d1_0.drawer_column,d1_0.drawer_row,d1_0.host_address,d1_0.ied,d1_0.incomer,d1_0.line,d1_0.name,d1_0.power,d1_0.voltage from device d1_0 where d1_0.switchgear_id=?
2023-02-27 11:40:31,378 DEBUG org.hibernate.SQL [http-nio-8080-exec-2] select d1_0.switchgear_id,d1_0.id,d1_0.consumer,d1_0.created,d1_0.description,d1_0.division_id,d1_0.drawer_column,d1_0.drawer_row,d1_0.host_address,d1_0.ied,d1_0.incomer,d1_0.line,d1_0.name,d1_0.power,d1_0.voltage from device d1_0 where d1_0.switchgear_id=?
2023-02-27 11:40:31,379 DEBUG org.hibernate.SQL [http-nio-8080-exec-2] select d1_0.switchgear_id,d1_0.id,d1_0.consumer,d1_0.created,d1_0.description,d1_0.division_id,d1_0.drawer_column,d1_0.drawer_row,d1_0.host_address,d1_0.ied,d1_0.incomer,d1_0.line,d1_0.name,d1_0.power,d1_0.voltage from device d1_0 where d1_0.switchgear_id=?
2023-02-27 11:40:31,381 DEBUG org.hibernate.SQL [http-nio-8080-exec-2] select d1_0.switchgear_id,d1_0.id,d1_0.consumer,d1_0.created,d1_0.description,d1_0.division_id,d1_0.drawer_column,d1_0.drawer_row,d1_0.host_address,d1_0.ied,d1_0.incomer,d1_0.line,d1_0.name,d1_0.power,d1_0.voltage from device d1_0 where d1_0.switchgear_id=?
2023-02-27 11:40:31,383 DEBUG org.hibernate.SQL [http-nio-8080-exec-2] select d1_0.switchgear_id,d1_0.id,d1_0.consumer,d1_0.created,d1_0.description,d1_0.division_id,d1_0.drawer_column,d1_0.drawer_row,d1_0.host_address,d1_0.ied,d1_0.incomer,d1_0.line,d1_0.name,d1_0.power,d1_0.voltage from device d1_0 where d1_0.switchgear_id=?
2023-02-27 11:40:31,385 DEBUG org.hibernate.SQL [http-nio-8080-exec-2] select d1_0.id,d1_0.description,d1_0.name,d1_0.plant_id from division d1_0 where d1_0.id=?
2023-02-27 11:40:31,385 DEBUG org.hibernate.SQL [http-nio-8080-exec-2] select d1_0.switchgear_id,d1_0.id,d1_0.consumer,d1_0.created,d1_0.description,d1_0.division_id,d1_0.drawer_column,d1_0.drawer_row,d1_0.host_address,d1_0.ied,d1_0.incomer,d1_0.line,d1_0.name,d1_0.power,d1_0.voltage from device d1_0 where d1_0.switchgear_id=?
2023-02-27 11:40:31,387 DEBUG org.hibernate.SQL [http-nio-8080-exec-2] select d1_0.switchgear_id,d1_0.id,d1_0.consumer,d1_0.created,d1_0.description,d1_0.division_id,d1_0.drawer_column,d1_0.drawer_row,d1_0.host_address,d1_0.ied,d1_0.incomer,d1_0.line,d1_0.name,d1_0.power,d1_0.voltage from device d1_0 where d1_0.switchgear_id=?
2023-02-27 11:40:31,388 DEBUG org.hibernate.SQL [http-nio-8080-exec-2] select d1_0.switchgear_id,d1_0.id,d1_0.consumer,d1_0.created,d1_0.description,d1_0.division_id,d1_0.drawer_column,d1_0.drawer_row,d1_0.host_address,d1_0.ied,d1_0.incomer,d1_0.line,d1_0.name,d1_0.power,d1_0.voltage from device d1_0 where d1_0.switchgear_id=?
2023-02-27 11:40:31,388 DEBUG org.hibernate.SQL [http-nio-8080-exec-2] select d1_0.switchgear_id,d1_0.id,d1_0.consumer,d1_0.created,d1_0.description,d1_0.division_id,d1_0.drawer_column,d1_0.drawer_row,d1_0.host_address,d1_0.ied,d1_0.incomer,d1_0.line,d1_0.name,d1_0.power,d1_0.voltage from device d1_0 where d1_0.switchgear_id=?
2023-02-27 11:40:31,389 DEBUG org.hibernate.SQL [http-nio-8080-exec-2] select d1_0.switchgear_id,d1_0.id,d1_0.consumer,d1_0.created,d1_0.description,d1_0.division_id,d1_0.drawer_column,d1_0.drawer_row,d1_0.host_address,d1_0.ied,d1_0.incomer,d1_0.line,d1_0.name,d1_0.power,d1_0.voltage from device d1_0 where d1_0.switchgear_id=?
2023-02-27 11:40:31,390 DEBUG org.hibernate.SQL [http-nio-8080-exec-2] select d1_0.switchgear_id,d1_0.id,d1_0.consumer,d1_0.created,d1_0.description,d1_0.division_id,d1_0.drawer_column,d1_0.drawer_row,d1_0.host_address,d1_0.ied,d1_0.incomer,d1_0.line,d1_0.name,d1_0.power,d1_0.voltage from device d1_0 where d1_0.switchgear_id=?
2023-02-27 11:40:31,391 DEBUG org.hibernate.SQL [http-nio-8080-exec-2] select d1_0.switchgear_id,d1_0.id,d1_0.consumer,d1_0.created,d1_0.description,d1_0.division_id,d1_0.drawer_column,d1_0.drawer_row,d1_0.host_address,d1_0.ied,d1_0.incomer,d1_0.line,d1_0.name,d1_0.power,d1_0.voltage from device d1_0 where d1_0.switchgear_id=?
2023-02-27 11:40:31,392 DEBUG org.hibernate.SQL [http-nio-8080-exec-2] select d1_0.switchgear_id,d1_0.id,d1_0.consumer,d1_0.created,d1_0.description,d1_0.division_id,d1_0.drawer_column,d1_0.drawer_row,d1_0.host_address,d1_0.ied,d1_0.incomer,d1_0.line,d1_0.name,d1_0.power,d1_0.voltage from device d1_0 where d1_0.switchgear_id=?
2023-02-27 11:40:31,394 DEBUG org.springframework.web.servlet.DispatcherServlet [http-nio-8080-exec-2] Completed 200 OK
2023-02-27 11:40:31,594 DEBUG org.springframework.web.servlet.DispatcherServlet [http-nio-8080-exec-1] GET "/webjars/bootstrap/3.3.7-1/css/bootstrap.min.css.map", parameters={}
2023-02-27 11:40:31,594 DEBUG org.springframework.web.servlet.handler.SimpleUrlHandlerMapping [http-nio-8080-exec-1] Mapped to ResourceHttpRequestHandler [ServletContext [/webjars/]]
2023-02-27 11:40:31,595 DEBUG org.springframework.web.servlet.DispatcherServlet [http-nio-8080-exec-1] Completed 304 NOT_MODIFIED
