2023-02-27 11:39:53,604 DEBUG org.hibernate.SQL [http-nio-8080-exec-9] select d1_0.id,d1_0.description,d1_0.name,d1_0.plant_id from division d1_0 where d1_0.id=?
2023-02-27 11:39:53,605 DEBUG org.hibernate.SQL [http-nio-8080-exec-9] select d1_0.switchgear_id,d1_0.id,d1_0.consumer,d1_0.created,d1_0.description,d1_0.division_id,d1_0.drawer_column,d1_0.drawer_row,d1_0.host_address,d1_0.ied,d1_0.incomer,d1_0.line,d1_0.name,d1_0.power,d1_0.voltage from device d1_0 where d1_0.switchgear_id=?
2023-02-27 11:39:53,606 DEBUG org.hibernate.SQL [http-nio-8080-exec-9] select d1_0.switchgear_id,d1_0.id,d1_0.consumer,d1_0.created,d1_0.description,d1_0.division_id,d1_0.drawer_column,d1_0.drawer_row,d1_0.host_address,d1_0.ied,d1_0.incomer,d1_0.line,d1_0.name,d1_0.power,d1_0.voltage from device d1_0 where d1_0.switchgear_id=?
2023-02-27 11:39:53,609 DEBUG org.hibernate.SQL [http-nio-8080-exec-9] select d1_0.switchgear_id,d1_0.id,d1_0.consumer,d1_0.created,d1_0.description,d1_0.division_id,d1_0.drawer_column,d1_0.drawer_row,d1_0.host_address,d1_0.ied,d1_0.incomer,d1_0.line,d1_0.name,d1_0.power,d1_0.voltage from device d1_0 where d1_0.switchgear_id=?
2023-02-27 11:39:53,611 DEBUG org.hibernate.SQL [http-nio-8080-exec-9] select d1_0.switchgear_id,d1_0.id,d1_0.consumer,d1_0.created,d1_0.description,d1_0.division_id,d1_0.drawer_column,d1_0.drawer_row,d1_0.host_address,d1_0.ied,d1_0.incomer,d1_0.line,d1_0.name,d1_0.power,d1_0.voltage from device d1_0 where d1_0.switchgear_id=?
2023-02-27 11:39:53,613 DEBUG org.hibernate.SQL [http-nio-8080-exec-9] select d1_0.switchgear_id,d1_0.id,d1_0.consumer,d1_0.created,d1_0.description,d1_0.division_id,d1_0.drawer_column,d1_0.drawer_row,d1_0.host_address,d1_0.ied,d1_0.incomer,d1_0.line,d1_0.name,d1_0.power,d1_0.voltage from device d1_0 where d1_0.switchgear_id=?
2023-02-27 11:39:53,615 DEBUG org.hibernate.SQL [http-nio-8080-exec-9] select d1_0.switchgear_id,d1_0.id,d1_0.consumer,d1_0.created,d1_0.description,d1_0.division_id,d1_0.drawer_column,d1_0.drawer_row,d1_0.host_address,d1_0.ied,d1_0.incomer,d1_0.line,d1_0.name,d1_0.power,d1_0.voltage from device d1_0 where d1_0.switchgear_id=?
2023-02-27 11:39:53,616 DEBUG org.hibernate.SQL [http-nio-8080-exec-9] select d1_0.id,d1_0.description,d1_0.name,d1_0.plant_id from division d1_0 where d1_0.id=?
2023-02-27 11:39:53,617 DEBUG org.hibernate.SQL [http-nio-8080-exec-9] select d1_0.switchgear_id,d1_0.id,d1_0.consumer,d1_0.created,d1_0.description,d1_0.division_id,d1_0.drawer_column,d1_0.drawer_row,d1_0.host_address,d1_0.ied,d1_0.incomer,d1_0.line,d1_0.name,d1_0.power,d1_0.voltage from device d1_0 where d1_0.switchgear_id=?
2023-02-27 11:39:53,618 DEBUG org.hibernate.SQL [http-nio-8080-exec-9] select d1_0.switchgear_id,d1_0.id,d1_0.consumer,d1_0.created,d1_0.description,d1_0.division_id,d1_0.drawer_column,d1_0.drawer_row,d1_0.host_address,d1_0.ied,d1_0.incomer,d1_0.line,d1_0.name,d1_0.power,d1_0.voltage from device d1_0 where d1_0.switchgear_id=?
2023-02-27 11:39:53,619 DEBUG org.hibernate.SQL [http-nio-8080-exec-9] select d1_0.switchgear_id,d1_0.id,d1_0.consumer,d1_0.created,d1_0.description,d1_0.division_id,d1_0.drawer_column,d1_0.drawer_row,d1_0.host_address,d1_0.ied,d1_0.incomer,d1_0.line,d1_0.name,d1_0.power,d1_0.voltage from device d1_0 where d1_0.switchgear_id=?
2023-02-27 11:39:53,619 DEBUG org.hibernate.SQL [http-nio-8080-exec-9] select d1_0.switchgear_id,d1_0.id,d1_0.consumer,d1_0.created,d1_0.description,d1_0.division_id,d1_0.drawer_column,d1_0.drawer_row,d1_0.host_address,d1_0.ied,d1_0.incomer,d1_0.line,d1_0.name,d1_0.power,d1_0.voltage from device d1_0 where d1_0.switchgear_id=?
2023-02-27 11:39:53,620 DEBUG org.hibernate.SQL [http-nio-8080-exec-9] select d1_0.switchgear_id,d1_0.id,d1_0.consumer,d1_0.created,d1_0.description,d1_0.division_id,d1_0.drawer_column,d1_0.drawer_row,d1_0.host_address,d1_0.ied,d1_0.incomer,d1_0.line,d1_0.name,d1_0.power,d1_0.voltage from device d1_0 where d1_0.switchgear_id=?
2023-02-27 11:39:53,620 DEBUG org.hibernate.SQL [http-nio-8080-exec-9] select d1_0.switchgear_id,d1_0.id,d1_0.consumer,d1_0.created,d1_0.description,d1_0.division_id,d1_0.drawer_column,d1_0.drawer_row,d1_0.host_address,d1_0.ied,d1_0.incomer,d1_0.line,d1_0.name,d1_0.power,d1_0.voltage from device d1_0 where d1_0.switchgear_id=?
2023-02-27 11:39:53,621 DEBUG org.hibernate.SQL [http-nio-8080-exec-9] select d1_0.switchgear_id,d1_0.id,d1_0.consumer,d1_0.created,d1_0.description,d1_0.division_id,d1_0.drawer_column,d1_0.drawer_row,d1_0.host_address,d1_0.ied,d1_0.incomer,d1_0.line,d1_0.name,d1_0.power,d1_0.voltage from device d1_0 where d1_0.switchgear_id=?
2023-02-27 11:39:53,622 DEBUG org.hibernate.SQL [http-nio-8080-exec-9] select d1_0.switchgear_id,d1_0.id,d1_0.consumer,d1_0.created,d1_0.description,d1_0.division_id,d1_0.drawer_column,d1_0.drawer_row,d1_0.host_address,d1_0.ied,d1_0.incomer,d1_0.line,d1_0.name,d1_0.power,d1_0.voltage from device d1_0 where d1_0.switchgear_id=?
2023-02-27 11:39:53,623 DEBUG org.springframework.web.servlet.DispatcherServlet [http-nio-8080-exec-9] Completed 200 OK
2023-02-27 11:39:53,859 DEBUG org.springframework.web.servlet.DispatcherServlet [http-nio-8080-exec-2] GET "/webjars/bootstrap/3.3.7-1/css/bootstrap.min.css.map", parameters={}
2023-02-27 11:39:53,859 DEBUG org.springframework.web.servlet.handler.SimpleUrlHandlerMapping [http-nio-8080-exec-2] Mapped to ResourceHttpRequestHandler [ServletContext [/webjars/]]
2023-02-27 11:39:53,860 DEBUG org.springframework.web.servlet.DispatcherServlet [http-nio-8080-exec-2] Completed 304 NOT_MODIFIED
