2023-02-27 11:39:53,527 DEBUG org.springframework.web.servlet.DispatcherServlet [http-nio-8080-exec-5] "ERROR" dispatch for GET "/error", parameters={}
2023-02-27 11:39:53,527 DEBUG org.springframework.web.servlet.mvc.method.annotation.RequestMappingHandlerMapping [http-nio-8080-exec-5] Mapped to org.springframework.boot.autoconfigure.web.servlet.error.BasicErrorController#error(HttpServletRequest)
2023-02-27 11:39:53,527 DEBUG org.springframework.web.servlet.DispatcherServlet [http-nio-8080-exec-8] Completed 200 OK
2023-02-27 11:39:53,528 DEBUG org.springframework.web.servlet.mvc.method.annotation.HttpEntityMethodProcessor [http-nio-8080-exec-5] Using 'application/json', given [*/*] and supported [application/json, application/*+json]
2023-02-27 11:39:53,528 DEBUG org.springframework.web.servlet.mvc.method.annotation.HttpEntityMethodProcessor [http-nio-8080-exec-5] Writing [{timestamp=Mon Feb 27 11:39:53 YEKT 2023, status=404, error=Not Found, message=No message available, (truncated)...]
2023-02-27 11:39:53,528 DEBUG org.springframework.web.servlet.DispatcherServlet [http-nio-8080-exec-5] Exiting from "ERROR" dispatch, status 404
2023-02-27 11:39:53,582 DEBUG org.springframework.web.servlet.DispatcherServlet [http-nio-8080-exec-9] GET "/api/v1/substations/", parameters={}
2023-02-27 11:39:53,582 DEBUG org.springframework.web.servlet.mvc.method.annotation.RequestMappingHandlerMapping [http-nio-8080-exec-9] Mapped to astue.controller.SubstationController#getAll()
2023-02-27 11:39:53,583 INFO astue.aop.MyAspect [http-nio-8080-exec-9] **** Trying to get all entities ***
2023-02-27 11:39:53,584 DEBUG org.hibernate.SQL [http-nio-8080-exec-9] select s1_0.id,s1_0.description,s1_0.name from substation s1_0
2023-02-27 11:39:53,585 DEBUG org.hibernate.SQL [http-nio-8080-exec-9] select s1_0.substation_id,s1_0.id,s1_0.description,s1_0.name from switchgear s1_0 where s1_0.substation_id=?
2023-02-27 11:39:53,586 DEBUG org.hibernate.SQL [http-nio-8080-exec-9] select s1_0.substation_id,s1_0.id,s1_0.description,s1_0.name from switchgear s1_0 where s1_0.substation_id=?
2023-02-27 11:39:53,587 DEBUG org.hibernate.SQL [http-nio-8080-exec-9] select s1_0.substation_id,s1_0.id,s1_0.description,s1_0.name from switchgear s1_0 where s1_0.substation_id=?
2023-02-27 11:39:53,587 DEBUG org.hibernate.SQL [http-nio-8080-exec-9] select s1_0.substation_id,s1_0.id,s1_0.description,s1_0.name from switchgear s1_0 where s1_0.substation_id=?
2023-02-27 11:39:53,588 DEBUG org.hibernate.SQL [http-nio-8080-exec-9] select s1_0.substation_id,s1_0.id,s1_0.description,s1_0.name from switchgear s1_0 where s1_0.substation_id=?
2023-02-27 11:39:53,588 DEBUG org.hibernate.SQL [http-nio-8080-exec-9] select s1_0.substation_id,s1_0.id,s1_0.description,s1_0.name from switchgear s1_0 where s1_0.substation_id=?
2023-02-27 11:39:53,589 DEBUG org.hibernate.SQL [http-nio-8080-exec-9] select s1_0.substation_id,s1_0.id,s1_0.description,s1_0.name from switchgear s1_0 where s1_0.substation_id=?
2023-02-27 11:39:53,589 DEBUG org.hibernate.SQL [http-nio-8080-exec-9] select s1_0.substation_id,s1_0.id,s1_0.description,s1_0.name from switchgear s1_0 where s1_0.substation_id=?
2023-02-27 11:39:53,589 INFO astue.aop.MyAspect [http-nio-8080-exec-9] All entities were received
2023-02-27 11:39:53,590 DEBUG org.springframework.web.servlet.mvc.method.annotation.RequestResponseBodyMethodProcessor [http-nio-8080-exec-9] Using 'application/json', given [*/*] and supported [application/json, application/*+json]
2023-02-27 11:39:53,590 DEBUG org.springframework.web.servlet.mvc.method.annotation.RequestResponseBodyMethodProcessor [http-nio-8080-exec-9] Writing [[Substation [id=1, name=SS-01, pmcc=[PMCC [tag=01-SWGR-1001], PMCC [tag=01-SWGR-1002]]], Substation  (truncated)...]
2023-02-27 11:39:53,590 DEBUG org.hibernate.SQL [http-nio-8080-exec-9] select d1_0.switchgear_id,d1_0.id,d1_0.consumer,d1_0.created,d1_0.description,d1_0.division_id,d1_0.drawer_column,d1_0.drawer_row,d1_0.host_address,d1_0.ied,d1_0.incomer,d1_0.line,d1_0.name,d1_0.power,d1_0.voltage from device d1_0 where d1_0.switchgear_id=?
2023-02-27 11:39:53,591 DEBUG org.hibernate.SQL [http-nio-8080-exec-9] select d1_0.switchgear_id,d1_0.id,d1_0.consumer,d1_0.created,d1_0.description,d1_0.division_id,d1_0.drawer_column,d1_0.drawer_row,d1_0.host_address,d1_0.ied,d1_0.incomer,d1_0.line,d1_0.name,d1_0.power,d1_0.voltage from device d1_0 where d1_0.switchgear_id=?
2023-02-27 11:39:53,592 DEBUG org.hibernate.SQL [http-nio-8080-exec-9] select d1_0.id,d1_0.description,d1_0.name,d1_0.plant_id from division d1_0 where d1_0.id=?
2023-02-27 11:39:53,594 DEBUG org.hibernate.SQL [http-nio-8080-exec-9] select d1_0.switchgear_id,d1_0.id,d1_0.consumer,d1_0.created,d1_0.description,d1_0.division_id,d1_0.drawer_column,d1_0.drawer_row,d1_0.host_address,d1_0.ied,d1_0.incomer,d1_0.line,d1_0.name,d1_0.power,d1_0.voltage from device d1_0 where d1_0.switchgear_id=?
2023-02-27 11:39:53,596 DEBUG org.hibernate.SQL [http-nio-8080-exec-9] select d1_0.id,d1_0.description,d1_0.name,d1_0.plant_id from division d1_0 where d1_0.id=?
2023-02-27 11:39:53,597 DEBUG org.hibernate.SQL [http-nio-8080-exec-9] select d1_0.id,d1_0.description,d1_0.name,d1_0.plant_id from division d1_0 where d1_0.id=?
2023-02-27 11:39:53,598 DEBUG org.hibernate.SQL [http-nio-8080-exec-9] select d1_0.id,d1_0.description,d1_0.name,d1_0.plant_id from division d1_0 where d1_0.id=?
2023-02-27 11:39:53,598 DEBUG org.hibernate.SQL [http-nio-8080-exec-9] select d1_0.id,d1_0.description,d1_0.name,d1_0.plant_id from division d1_0 where d1_0.id=?
2023-02-27 11:39:53,599 DEBUG org.hibernate.SQL [http-nio-8080-exec-9] select d1_0.switchgear_id,d1_0.id,d1_0.consumer,d1_0.created,d1_0.description,d1_0.division_id,d1_0.drawer_column,d1_0.drawer_row,d1_0.host_address,d1_0.ied,d1_0.incomer,d1_0.line,d1_0.name,d1_0.power,d1_0.voltage from device d1_0 where d1_0.switchgear_id=?
2023-02-27 11:39:53,600 DEBUG org.hibernate.SQL [http-nio-8080-exec-9] select d1_0.id,d1_0.description,d1_0.name,d1_0.plant_id from division d1_0 where d1_0.id=?
2023-02-27 11:39:53,602 DEBUG org.hibernate.SQL [http-nio-8080-exec-9] select d1_0.switchgear_id,d1_0.id,d1_0.consumer,d1_0.created,d1_0.description,d1_0.division_id,d1_0.drawer_column,d1_0.drawer_row,d1_0.host_address,d1_0.ied,d1_0.incomer,d1_0.line,d1_0.name,d1_0.power,d1_0.voltage from device d1_0 where d1_0.switchgear_id=?
